<h2>Variaveis de ambiente</h2>
Erro ao tentar rodar no dispositivo
<pre class="terminal">$ ionic cordova run android</pre>
<pre class="terminal"><font color="#4E9A06">cordova run android</font>
Android Studio project detected
Failed to find &apos;ANDROID_HOME&apos; environment variable. Try setting it manually.
Failed to find &apos;android&apos; command in your &apos;PATH&apos;. Try update your &apos;PATH&apos; to include path to valid SDK directory.
<font color="#AAAAAA">[</font><span style="background-color:#2E3436"><font color="#EF2929"><b>ERROR</b></font></span><font color="#AAAAAA">] </font><font color="#EF2929"><b>An error occurred while running subprocess </b></font><font color="#8AE234"><b>cordova</b></font><font color="#EF2929"><b>.</b></font>
        
<font color="#4E9A06">cordova run android</font> exited with exit code 1.

Re-running this command with the <font color="#4E9A06">--verbose</font> flag may provide more 
information.</pre>

<code>Solucao:</code>
<pre>$ export ANDROID_HOME=$HOME/Android/Sdk
$ export PATH=$PATH:$ANDROID_HOME/tools</pre>

<hr>

<h2>Não cria o projeto</h2>
erro ao executar o comando <code>$ ionic cordova run android --device</code>
<pre class="terminal">FAILURE: Build failed with an exception.

* Where:
Script &apos;/media/beto/PROGRAMAS/www/emater/expointer/platforms/android/CordovaLib/cordova.gradle&apos; line: 68

* What went wrong:
A problem occurred evaluating project &apos;:app&apos;.
&gt; No installed build tools found. Install the Android build tools version 19.1.0 or higher.

* Try:
Run with --stacktrace option to get the stack trace. Run with --info or --debug option to get more log output. Run with --scan to get full insights.

* Get more help at https://help.gradle.org

BUILD FAILED in 0s</pre>
Solução:
<pre>$ export ANDROID_HOME=$HOME/Android/Sdk
$ export PATH=$PATH:$ANDROID_HOME/tools</pre>
e rodar o comando novamente <code>$ ionic cordova run android --device</code>
<pre class="terminal">BUILD SUCCESSFUL in 1m 11s
44 actionable tasks: 44 executed
Built the following apk(s): 
	/media/beto/PROGRAMAS/www/emater/expointer/platforms/android/app/build/outputs/apk/debug/app-debug.apk
&gt; <font color="#06989A">native-run android --app platforms/android/app/build/outputs/apk/debug/app-debug.apk --device</font>
<font color="#AAAAAA">[native-run] Selected hardware device 0053214577</font>
<font color="#AAAAAA">[native-run] Installing platforms/android/app/build/outputs/apk/debug/app-debug.apk...</font>
<font color="#AAAAAA">[native-run] Starting application activity br.tche.emater.expointer/br.tche.emater.expointer.MainActivity...</font>
<font color="#AAAAAA">[native-run] Run Successful</font>
</pre>
<hr>

<h2>ERRO - NÃO GERA PAGINA</h2>
<code>Error: Cannot find module '@ionic/app-scripts'</code><br>
Para resolver isso foi preciso rodar o comando abaixo:
<pre>$ npm install @ionic/app-scripts@latest --save-dev</pre>
<a href="https://stackoverflow.com/questions/44381358/error-cannot-find-module-ionic-app-scripts">stackoverflow</a>

<hr>

<h2>ERRO - NÃO GERA PAGINA - Parte 02</h2>
<code>Error: ENOENT: no such file or directory, scandir</code><br>
Solução foi <b>DELETAR</b> a pasta <b>node_modules</b> do projeto e rodar esse comando.
<pre>$ npm install @ionic/app-scripts@latest --save-dev</pre>

<hr>

<h2>Atualizar NodeJS</h2>
<pre class="terminal"><font color="#AAAAAA">[ng] You are running version v8.10.0 of Node.js, which is not supported by Angular CLI 8.0+.</font>
<font color="#AAAAAA">[ng] The official Node.js version that is supported is 10.9 or greater.</font>
<font color="#AAAAAA">[ng] Please visit https://nodejs.org/en/ to find instructions on how to update Node.js.</font>

<font color="#AAAAAA">[</font><span style="background-color:#2E3436"><font color="#EF2929"><b>ERROR</b></font></span><font color="#AAAAAA">] </font><font color="#34E2E2"><b>ng</b></font><font color="#EF2929"><b> has unexpectedly closed (exit code 3).</b></font>
		
		The Ionic CLI will exit. Please check any output above for error
		details.
</pre>

Solucao:
<pre>$ sudo npm cache clean -f
$ sudo npm install -g n
$ sudo n stable</pre>

<pre class="terminal">$ node -v</pre>
Retorno: <code>v10.16.3</code> 
<br clear="all">
<a href="https://askubuntu.com/questions/426750/how-can-i-update-my-nodejs-to-the-latest-version">Fonte</a>

<hr>

<h2>Erro ao tentar levantar projeto no device</h2>
<pre class="terminal">
[native-run] Error: Command failed: C:\Users\49583\AppData\Local\Android\Sdk\platform-tools\adb -s 0054824656 shell getprop
[native-run] error: device unauthorized.
[native-run] This adb server's $ADB_VENDOR_KEYS is not set
[native-run] Try 'adb kill-server' if that seems wrong.
[native-run] Otherwise check for a confirmation dialog on your device.</pre>
<code>SOLUCAO:</code> aceitar no dispositivo que o computador o acesse.

<hr>

<h2>Aplicação não sobe no DEVICE</h2>
<pre class="terminal">BUILD SUCCESSFUL in 53s
42 actionable tasks: 2 executed, 40 up-to-date
Built the following apk(s):
        E:\EMATER\institucional\platforms\android\app\build\outputs\apk\debug\app-debug.apk
[native-run] ERR_NO_DEVICE: No hardware devices found. Not attempting emulator because --device was specified.
[<b style="color:Red">ERROR</b>] An error occurred while running subprocess <b style="color:#29B8DB">native-run</b>.

        <b style="color:#29B8DB">native-run.cmd android --app platforms\android\app\build\outputs\apk\debug\app-d...</b> exited with exit code 1.

        Re-running this command with the --verbose flag may provide more information.</pre>
<hr>

<h2>Aplicação não sobe no DEVICE</h2>
<pre class="terminal">PS E:\EMATER\institucional\institucional> <span style="color: yellow">ionic</span> cordova run android --device
> <span style="color: #29B8DB">ng.cmd run app:ionic-cordova-build --platform=android</span>
Generating ES5 bundles for differential loading...
<span style="color:red">An unhandled exception occurred: Call retries were exceeded
See "C:\Users\49583\AppData\Local\Temp\ng-57452o\angular-errors.log" for further details.
[ERROR] An error occurred while running subprocess ng.</span>

        <span style="color:#29B8DB">ng.cmd run app:ionic-cordova-build --platform=android</span> exited with exit code 127.

        Re-running this command with the --verbose flag may provide more information.</pre>

<hr>

<h2>Erro no deploy</h2>
<pre class="terminal">* What went wrong:
Execution failed for task ':app:mergeReleaseResources'.
> java.util.concurrent.ExecutionException: com.android.builder.internal.aapt.v2.Aapt2InternalException: AAPT2 aapt2-3.3.0-5013011-windows Daemon #2: Unexpected error during compile 'E:\EMATER\institucional\institucional\platforms\android\app\src\main\res\drawable-port-xxxhdpi\screen.png', attempting to stop daemon.
    This should not happen under normal circumstances, please file an issue if it does.

* Try:
Run with --stacktrace option to get the stack trace. Run with --info or --debug option to get more log output. Run with --scan to get full insights.

* Get more help at https://help.gradle.org

BUILD FAILED in 13s
[ERROR] An error occurred while running subprocess cordova.

        cordova.cmd build android --release exited with exit code 1.</pre>
<code>SOLUCAO:</code> abre o arquivo <b>platforms\android\build.gradle</b> e insira o seguinte codigo abaixo em <b>allprojects</b>
<pre> allprojects {
    // Workaround for https://issuetracker.google.com/117900475
    // Remove when upgrading to AGP 3.4 or higher.
    configurations.matching { it.name == '_internal_aapt2_binary' }.all { config ->
        config.resolutionStrategy.eachDependency { details ->
            details.useVersion("3.5.0-alpha03-5252756")
        }
    }
}</pre>
<a href="https://stackoverflow.com/questions/52712063/build-failing-during-merge-resources-with-android-gradle-plugin-3-3-0/54615423#54615423">stackoverflow</a>

<hr>

<h2>ANDROID_SDK_ROOT=undefined</h2>

<hr>

<h2>ionic.ps1 não pode ser carregado</h2>
ionic.ps1 não pode ser carregado porque a execução de scripts foi desabilitada neste sistema. 
Para obter mais informações, consulteabout_Execution_Policies em https://go.microsoft.com/fwlink/?LinkID=135170.
Não era possivel instalar o <code>ionic</code> atraves do comando no terminal <code>npm install -g ionic</code>
<a href="https://support.microsoft.com/pt-br/help/2411920/you-can-t-run-scripts-in-azure-active-directory-module-for-windows-pow">Fonte</a>

<hr>

<h2>ERROR TypeError: Cannot read property 'data' of undefined</h2>
Esse erro aparece quando tenta navegar de uma pagina para outra.
<pre style="color:Red">ERROR TypeError: Cannot read property 'data' of undefined
at Object.eval [as updateDirectives] (PrevisaoShowPage.html:13)
at Object.debugUpdateDirectives [as updateDirectives] (vendor-es2015.js:77031)
at checkAndUpdateView (vendor-es2015.js:76043)
at callViewAction (vendor-es2015.js:76409)
at execComponentViewsAction (vendor-es2015.js:76337)
at checkAndUpdateView (vendor-es2015.js:76050)
at callViewAction (vendor-es2015.js:76409)
at execEmbeddedViewsAction (vendor-es2015.js:76366)
at checkAndUpdateView (vendor-es2015.js:76044)
at callViewAction (vendor-es2015.js:76409) </pre>

<code>Solucao:</code><br>
Inserir antes do <b>ngFor</b> o <b>ngIf</b> para nao ocorrer o loop sem que os dados ainda nao tenham chegado no loop, exemplo abaixo
<pre>
&lt;ion-content fullscreen="true"&gt;
    &lt;div id="divPrevisao" <b style="color:red">*ngIf="this.dados"</b>&gt;
        &lt;table class="tabelaPrevisao"&gt;
            &lt;div <b style="color:red">*ngFor="let opcao of this.dados.data"</b>&gt;
                &lt;div *ngIf="this.opcao"&gt;
                    &lt;tr&gt;
                        &lt;td class="previsao-imagem" valign=top&gt;
                            &lt;img src="http://www.emater.tche.br/site/imagens/portal-tempo/realistic/128px/{{opcao.text_icon.icon.day}}.png"&gt;
                        &lt;/td&gt;
                        &lt;td class="previsao-data"&gt;
                            {{opcao.dia_semana}} &lt;br&gt;
                            {{opcao.dia_mes}}/{{opcao.mes_abreviado}} 
                            &lt;/td&gt;
                        &lt;td class="previsao-frase"&gt;{{opcao.text_icon.text.phrase.reduced}}&lt;/td&gt;                        
                        &lt;td class="previsao-temperatura"&gt;
                            &lt;span class="previsao-temperatura-max"&gt;{{opcao.temperature.max}}°&lt;/span&gt;&lt;br&gt;
                            &lt;span class="previsao-temperatura-min"&gt;{{opcao.temperature.min}}°&lt;/span&gt;
                        &lt;/td&gt;
                    &lt;/tr&gt;
                &lt;/div&gt;
            &lt;/div&gt;
        &lt;/table&gt;
    &lt;/div&gt;
&lt;/ion-content&gt;    
</pre>

<hr>

<h2>erro python2</h2>
<code>gyp verb `which` failed Error: not found: python2</code>

<hr>

<h2>error MSB4132</h2>
<code>MSBUILD : error MSB4132: A versão das ferramentas "2.0" não é reconhecida. As versões de ferramentas disponíveis são "4.0".</code>
<br><br>

Instale um visual studio express 2013 (desktop com c ++ redist), <a href="http://www.microsoft.com/en-us/download/details.aspx?id=40760" target="_blank">clique aqui</a>
<a href="https://github.com/chjj/pty.js/issues/60" target="_blank">github</a>

<h2>ERRO NO GRADLE - NAO CONSTROI</h2>
<pre class="terminal">Error: Could not find an installed version of Gradle either in Android Studio,
    or on your system to install the gradle wrapper. Please include gradle
    in your path, or install Android Studio

    [ERROR] An error occurred while running cordova run android --device (exit code 1).</pre>

<ol>
    <li>Download tools_r25.2.3-windows.zip from <a href="https://dl.google.com/android/repository/tools_r25.2.3-windows.zip?hl=id" target="_blank">Android Downloads.</a></li>

    <li>comentar/deletar a pasta <code>C:\Users\<b>[SEU_USUARIO]</b>\AppData\Local\Android\sdk\tools</code></li>
    <li>Descompactar o arquivo em: <code>C:\Users\<b>[SEU_USUARIO]</b>\AppData\Local\Android\sdk\</code></li>
    <li>Download <a href="https://gradle.org/install" target="_blank"> Gradle</a></li>
    <li>Descompactar o arquivo zip para <code>C:\ Gradle</code> ou em outro lugar</li>
    <li>Vá em variaveis de ambiente > variaveis de sistema e clique no botao <button>NOVO</button></li>
    <li>
<pre>//NOME DA VARIAVEL        
GRADLE_HOME    

// VALOR DA VARIAVEL
C:\Gradle\gradle-4.0.1\bin
    </li>
    <li>Vá em variaveis de ambiente</li>
    <li>na pasta do projeto executar os seguintes comandos:
        <pre class="terminal">$ cordova platforms remove Android
$ cordova platforms add android</pre></li>
</ol>

<a href="https://stackoverflow.com/questions/43480076/ionic-2-error-could-not-find-an-installed-version-of-gradle-either-in-android" target="_blank">stackoverflow</a><br>
<a href="https://stackoverflow.com/questions/42613882/error-could-not-find-gradle-wrapper-within-android-sdk-might-need-to-update-yo" target="_blank">stackoverflow</a><br>

<hr>

<h2></h2>
<pre class="terminal">No installed build tools found. Install the Android build tools version 19.1.0 or higher</pre>